#
# A fatal error has been detected by the Java Runtime Environment:
#
#  EXCEPTION_ACCESS_VIOLATION (0xc0000005) at pc=0x000000006162e063, pid=6036, tid=0x0000000000000304
#
# JRE version: Java(TM) SE Runtime Environment (8.0_201-b09) (build 1.8.0_201-b09)
# Java VM: Java HotSpot(TM) 64-Bit Server VM (25.201-b09 mixed mode windows-amd64 compressed oops)
# Problematic frame:
# V  [jvm.dll+0xfe063]
#
# Failed to write core dump. Minidumps are not enabled by default on client versions of Windows
#
# If you would like to submit a bug report, please visit:
#   http://bugreport.java.com/bugreport/crash.jsp
#

---------------  T H R E A D  ---------------

Current thread (0x000000000855c800):  VMThread [stack: 0x0000000009550000,0x0000000009650000] [id=772]

siginfo: ExceptionCode=0xc0000005, reading address 0xffffffffffffffff

Registers:
RAX=0x0000000000000014, RBX=0x000000000964f770, RCX=0x000000000964f770, RDX=0xffffffffffffcb14
RSP=0x000000000964f520, RBP=0x000000000964f590, RSI=0x000000000964f770, RDI=0x000000000000009a
R8 =0x0000000000000014, R9 =0x00000000084455a0, R10=0x03ffffffffffff2c, R11=0x00000000081cf10e
R12=0x0000000000000000, R13=0x000000006162e040, R14=0x0000000000000096, R15=0x0000000000000001
RIP=0x000000006162e063, EFLAGS=0x0000000000010a02

Top of Stack: (sp=0x000000000964f520)
0x000000000964f520:   000000000964f770 000000000964f590
0x000000000964f530:   0000000000000096 00000000615e263e
0x000000000964f540:   000000000964f770 000000006162fe49
0x000000000964f550:   000003ffece07eca 000000000964f770
0x000000000964f560:   000000000964f770 000000006162f926
0x000000000964f570:   000000000964f5e0 00000000081cf081
0x000000000964f580:   0000000000000011 000000006162f926
0x000000000964f590:   00000000000003d8 00000000084458d8
0x000000000964f5a0:   0000000000000000 000000000000009a
0x000000000964f5b0:   000000000855c800 00000000616308d4
0x000000000964f5c0:   000000000964f770 0000000000000000
0x000000000964f5d0:   0000000000000096 0000000000000091
0x000000000964f5e0:   00000000081cf1a0 000000000855c800
0x000000000964f5f0:   0000009900000096 0000009a0000009c
0x000000000964f600:   0000000009e20000 000000000000009a
0x000000000964f610:   0000000000000003 00000000000003d8 

Instructions: (pc=0x000000006162e063)
0x000000006162e043:   83 ec 20 4c 8b 89 90 00 00 00 48 63 d2 48 8b d9
0x000000006162e053:   0f b6 c2 4c 8b d2 24 3f 49 c1 ea 06 44 0f b6 c0
0x000000006162e063:   4b 8b 04 d1 4c 0f a3 c0 72 0f 48 83 c1 70 41 b0
0x000000006162e073:   01 e8 87 8a 17 00 ff 43 6c 48 83 c4 20 5b c3 cc 


Register to memory mapping:

RAX=0x0000000000000014 is an unknown value
RBX=0x000000000964f770 is an unknown value
RCX=0x000000000964f770 is an unknown value
RDX=0xffffffffffffcb14 is an unknown value
RSP=0x000000000964f520 is an unknown value
RBP=0x000000000964f590 is an unknown value
RSI=0x000000000964f770 is an unknown value
RDI=0x000000000000009a is an unknown value
R8 =0x0000000000000014 is an unknown value
R9 =0x00000000084455a0 is an unknown value
R10=0x03ffffffffffff2c is an unknown value
R11=0x00000000081cf10e is pointing into metadata
R12=0x0000000000000000 is an unknown value
R13=0x000000006162e040 is an unknown value
R14=0x0000000000000096 is an unknown value
R15=0x0000000000000001 is an unknown value


Stack: [0x0000000009550000,0x0000000009650000],  sp=0x000000000964f520,  free space=1021k
Native frames: (J=compiled Java code, j=interpreted, Vv=VM code, C=native code)
V  [jvm.dll+0xfe063]
V  [jvm.dll+0xffe49]
V  [jvm.dll+0x1008d4]
V  [jvm.dll+0x103cb4]
V  [jvm.dll+0xc51ae]
V  [jvm.dll+0xc5838]
V  [jvm.dll+0xc596a]
V  [jvm.dll+0xc5b68]
V  [jvm.dll+0x10fb3a]
V  [jvm.dll+0x12d45f]
V  [jvm.dll+0x1bf61f]
V  [jvm.dll+0x24d407]
V  [jvm.dll+0x24c6a6]
V  [jvm.dll+0x24cb41]
V  [jvm.dll+0x24cd5e]
V  [jvm.dll+0x29fb6a]
C  [msvcr100.dll+0x21db7]
C  [msvcr100.dll+0x21e53]
C  [kernel32.dll+0x1652d]
C  [ntdll.dll+0x2c521]

VM_Operation (0x000000000aa0efe0): GetOrSetLocal, mode: safepoint, requested by thread 0x00000000085cd000


---------------  P R O C E S S  ---------------

Java Threads: ( => current thread )
  0x0000000009ca0000 JavaThread "Service Thread" daemon [_thread_blocked, id=4984, stack(0x0000000009910000,0x0000000009a10000)]
  0x0000000009c27800 JavaThread "C1 CompilerThread2" daemon [_thread_blocked, id=1456, stack(0x000000000ad10000,0x000000000ae10000)]
  0x0000000009c22000 JavaThread "C2 CompilerThread1" daemon [_thread_blocked, id=3516, stack(0x000000000a4d0000,0x000000000a5d0000)]
  0x0000000009c10000 JavaThread "C2 CompilerThread0" daemon [_thread_blocked, id=3604, stack(0x000000000a670000,0x000000000a770000)]
  0x0000000009b26000 JavaThread "JDWP Command Reader" daemon [_thread_in_native, id=5648, stack(0x000000000aa60000,0x000000000ab60000)]
  0x0000000009b24800 JavaThread "JDWP Event Helper Thread" daemon [_thread_blocked, id=2812, stack(0x000000000a0a0000,0x000000000a1a0000)]
  0x00000000085cd000 JavaThread "JDWP Transport Listener: dt_socket" daemon [_thread_blocked, id=272, stack(0x000000000a910000,0x000000000aa10000)]
  0x00000000085c6000 JavaThread "Attach Listener" daemon [_thread_blocked, id=5484, stack(0x000000000a1b0000,0x000000000a2b0000)]
  0x00000000085c5000 JavaThread "Signal Dispatcher" daemon [_thread_blocked, id=5388, stack(0x0000000009fa0000,0x000000000a0a0000)]
  0x00000000085ab000 JavaThread "Finalizer" daemon [_thread_blocked, id=6024, stack(0x0000000009a10000,0x0000000009b10000)]
  0x00000000085a4000 JavaThread "Reference Handler" daemon [_thread_blocked, id=4964, stack(0x0000000009810000,0x0000000009910000)]
  0x00000000020f9000 JavaThread "main" [_thread_blocked, id=3992, stack(0x0000000002240000,0x0000000002340000)]

Other Threads:
=>0x000000000855c800 VMThread [stack: 0x0000000009550000,0x0000000009650000] [id=772]
  0x0000000009d63800 WatcherThread [stack: 0x000000000ae20000,0x000000000af20000] [id=5012]

VM state:at safepoint (normal execution)

VM Mutex/Monitor currently owned by a thread:  ([mutex/lock_event])
[0x00000000021fe160] Threads_lock - owner thread: 0x000000000855c800

heap address: 0x0000000081800000, size: 2024 MB, Compressed Oops mode: 32-bit
Narrow klass base: 0x0000000000000000, Narrow klass shift: 0
Compressed class space size: 1073741824 Address: 0x000000001e010000

Heap:
 PSYoungGen      total 38400K, used 10031K [0x00000000d5d80000, 0x00000000d8800000, 0x0000000100000000)
  eden space 33280K, 30% used [0x00000000d5d80000,0x00000000d674bc18,0x00000000d7e00000)
  from space 5120K, 0% used [0x00000000d8300000,0x00000000d8300000,0x00000000d8800000)
  to   space 5120K, 0% used [0x00000000d7e00000,0x00000000d7e00000,0x00000000d8300000)
 ParOldGen       total 87552K, used 0K [0x0000000081800000, 0x0000000086d80000, 0x00000000d5d80000)
  object space 87552K, 0% used [0x0000000081800000,0x0000000081800000,0x0000000086d80000)
 Metaspace       used 6816K, capacity 7036K, committed 7296K, reserved 1056768K
  class space    used 733K, capacity 814K, committed 896K, reserved 1048576K

Card table byte_map: [0x0000000002b60000,0x0000000002f60000] byte_map_base: 0x0000000002754000

Marking Bits: (ParMarkBitMap*) 0x0000000061d54ce0
 Begin Bits: [0x0000000003890000, 0x0000000005830000)
 End Bits:   [0x0000000005830000, 0x00000000077d0000)

Polling page: 0x0000000000120000

CodeCache: size=245760Kb used=1897Kb max_used=1897Kb free=243862Kb
 bounds [0x000000000f010000, 0x000000000f280000, 0x000000001e010000]
 total_blobs=710 nmethods=385 adapters=246
 compilation: enabled

Compilation events (10 events):
Event: 60.679 Thread 0x0000000009c27800  382       3       org.eclipse.jdt.launching.internal.org.objectweb.asm.ClassReader::readVerificationTypeInfo (184 bytes)
Event: 60.681 Thread 0x0000000009c27800 nmethod 382 0x000000000f1e8290 code [0x000000000f1e8560, 0x000000000f1e9d08]
Event: 60.681 Thread 0x0000000009c27800  381       3       org.eclipse.jdt.launching.internal.org.objectweb.asm.Label::addLineNumber (89 bytes)
Event: 60.681 Thread 0x0000000009c27800 nmethod 381 0x000000000f1e1dd0 code [0x000000000f1e1f60, 0x000000000f1e2408]
Event: 60.681 Thread 0x0000000009c27800  383       3       org.eclipse.jdt.launching.internal.org.objectweb.asm.MethodWriter::visitLineNumber (50 bytes)
Event: 60.682 Thread 0x0000000009c27800 nmethod 383 0x000000000f1e6dd0 code [0x000000000f1e6f60, 0x000000000f1e7398]
Event: 122.734 Thread 0x0000000009c27800  384       3       org.eclipse.jdt.launching.internal.org.objectweb.asm.SymbolTable::addConstantNameAndType (137 bytes)
Event: 122.736 Thread 0x0000000009c27800 nmethod 384 0x000000000f1e5ad0 code [0x000000000f1e5ce0, 0x000000000f1e6828]
Event: 122.736 Thread 0x0000000009c27800  385       3       org.eclipse.jdt.launching.internal.org.objectweb.asm.Label::<init> (5 bytes)
Event: 122.736 Thread 0x0000000009c27800 nmethod 385 0x000000000f1e5710 code [0x000000000f1e5860, 0x000000000f1e5a10]

GC Heap History (0 events):
No events

Deoptimization events (0 events):
No events

Classes redefined (2 events):
Event: 60.679 Thread 0x000000000855c800 redefined class name=com.business.TrainerPlanForAPeriod, count=1
Event: 122.736 Thread 0x000000000855c800 redefined class name=com.business.TrainerPlanForAPeriod, count=2

Internal exceptions (4 events):
Event: 0.036 Thread 0x00000000020f9000 Exception <a 'java/lang/NoSuchMethodError': Method sun.misc.Unsafe.defineClass(Ljava/lang/String;[BII)Ljava/lang/Class; name or signature does not match> (0x00000000d5d87cb0) thrown at [C:\re\workspace\8-2-build-windows-amd64-cygwin\jdk8u201\12322\hotspot
Event: 0.036 Thread 0x00000000020f9000 Exception <a 'java/lang/NoSuchMethodError': Method sun.misc.Unsafe.prefetchRead(Ljava/lang/Object;J)V name or signature does not match> (0x00000000d5d87f98) thrown at [C:\re\workspace\8-2-build-windows-amd64-cygwin\jdk8u201\12322\hotspot\src\share\vm\prim
Event: 0.360 Thread 0x00000000020f9000 Exception <a 'java/lang/NoSuchFieldError': method resolution failed> (0x00000000d64b74c8) thrown at [C:\re\workspace\8-2-build-windows-amd64-cygwin\jdk8u201\12322\hotspot\src\share\vm\prims\methodHandles.cpp, line 1167]
Event: 0.364 Thread 0x00000000020f9000 Exception <a 'java/lang/NoSuchFieldError': method resolution failed> (0x00000000d64c5340) thrown at [C:\re\workspace\8-2-build-windows-amd64-cygwin\jdk8u201\12322\hotspot\src\share\vm\prims\methodHandles.cpp, line 1167]

Events (10 events):
Event: 122.763 Executing VM operation: ChangeBreakpoints done
Event: 122.766 Executing VM operation: ChangeBreakpoints
Event: 122.766 Executing VM operation: ChangeBreakpoints done
Event: 122.768 Executing VM operation: EnterInterpOnlyMode
Event: 122.768 Executing VM operation: EnterInterpOnlyMode done
Event: 122.768 Executing VM operation: GetCurrentLocation
Event: 122.768 Executing VM operation: GetCurrentLocation done
Event: 122.768 Executing VM operation: ChangeSingleStep
Event: 122.768 Executing VM operation: ChangeSingleStep done
Event: 122.768 Executing VM operation: GetOrSetLocal


Dynamic libraries:
0x000000013f4f0000 - 0x000000013f527000 	C:\Program Files\Java\jdk1.8.0_201\bin\javaw.exe
0x0000000076df0000 - 0x0000000076f99000 	C:\Windows\SYSTEM32\ntdll.dll
0x0000000076bd0000 - 0x0000000076cef000 	C:\Windows\system32\kernel32.dll
0x000007fefce70000 - 0x000007fefcedb000 	C:\Windows\system32\KERNELBASE.dll
0x000007fefd140000 - 0x000007fefd21b000 	C:\Windows\system32\ADVAPI32.dll
0x000007fefdfb0000 - 0x000007fefe04f000 	C:\Windows\system32\msvcrt.dll
0x000007feff0e0000 - 0x000007feff0ff000 	C:\Windows\SYSTEM32\sechost.dll
0x000007fefe050000 - 0x000007fefe17d000 	C:\Windows\system32\RPCRT4.dll
0x0000000076cf0000 - 0x0000000076dea000 	C:\Windows\system32\USER32.dll
0x000007fefeb50000 - 0x000007fefebb7000 	C:\Windows\system32\GDI32.dll
0x000007fefe8e0000 - 0x000007fefe8ee000 	C:\Windows\system32\LPK.dll
0x000007fefe710000 - 0x000007fefe7d9000 	C:\Windows\system32\USP10.dll
0x000007fefb790000 - 0x000007fefb984000 	C:\Windows\WinSxS\amd64_microsoft.windows.common-controls_6595b64144ccf1df_6.0.7601.17514_none_fa396087175ac9ac\COMCTL32.dll
0x000007fefedd0000 - 0x000007fefee41000 	C:\Windows\system32\SHLWAPI.dll
0x000007fefd110000 - 0x000007fefd13e000 	C:\Windows\system32\IMM32.DLL
0x000007fefef50000 - 0x000007feff059000 	C:\Windows\system32\MSCTF.dll
0x000007fefcd10000 - 0x000007fefcd3f000 	C:\Windows\system32\nvinitx.dll
0x000000000f000000 - 0x000000000f006000 	C:\Program Files\NVIDIA Corporation\CoProcManager\_etoured.dll
0x000007fef99b0000 - 0x000007fef9a0f000 	C:\Program Files\NVIDIA Corporation\CoProcManager\nvd3d9wrapx.dll
0x000007fefe4e0000 - 0x000007fefe6b7000 	C:\Windows\system32\SETUPAPI.dll
0x000007fefcdf0000 - 0x000007fefce26000 	C:\Windows\system32\CFGMGR32.dll
0x000007fefee70000 - 0x000007fefef47000 	C:\Windows\system32\OLEAUT32.dll
0x000007fefebc0000 - 0x000007fefedc3000 	C:\Windows\system32\ole32.dll
0x000007fefd0f0000 - 0x000007fefd10a000 	C:\Windows\system32\DEVOBJ.dll
0x000007fef9960000 - 0x000007fef99a6000 	C:\Program Files\NVIDIA Corporation\CoProcManager\nvdxgiwrapx.dll
0x000000006f120000 - 0x000000006f1f1000 	C:\Program Files\Java\jdk1.8.0_201\jre\bin\msvcr100.dll
0x0000000061530000 - 0x0000000061dd4000 	C:\Program Files\Java\jdk1.8.0_201\jre\bin\server\jvm.dll
0x000007fef73b0000 - 0x000007fef73b9000 	C:\Windows\system32\WSOCK32.dll
0x000007fefe6c0000 - 0x000007fefe70d000 	C:\Windows\system32\WS2_32.dll
0x000007fefe4d0000 - 0x000007fefe4d8000 	C:\Windows\system32\NSI.dll
0x000007fef9d40000 - 0x000007fef9d7b000 	C:\Windows\system32\WINMM.dll
0x000007fefbe50000 - 0x000007fefbe5c000 	C:\Windows\system32\VERSION.dll
0x0000000076fb0000 - 0x0000000076fb7000 	C:\Windows\system32\PSAPI.DLL
0x000007fef58a0000 - 0x000007fef58af000 	C:\Program Files\Java\jdk1.8.0_201\jre\bin\verify.dll
0x000007fef3150000 - 0x000007fef3179000 	C:\Program Files\Java\jdk1.8.0_201\jre\bin\java.dll
0x000007fef5820000 - 0x000007fef5855000 	C:\Program Files\Java\jdk1.8.0_201\jre\bin\jdwp.dll
0x000007fef58b0000 - 0x000007fef58b8000 	C:\Program Files\Java\jdk1.8.0_201\jre\bin\npt.dll
0x000007feec290000 - 0x000007feec2b3000 	C:\Program Files\Java\jdk1.8.0_201\jre\bin\instrument.dll
0x000007fef3b60000 - 0x000007fef3b76000 	C:\Program Files\Java\jdk1.8.0_201\jre\bin\zip.dll
0x000007fefd220000 - 0x000007fefdfa8000 	C:\Windows\system32\SHELL32.dll
0x000007fefcd40000 - 0x000007fefcd4f000 	C:\Windows\system32\profapi.dll
0x000007fef5810000 - 0x000007fef5819000 	C:\Program Files\Java\jdk1.8.0_201\jre\bin\dt_socket.dll
0x000007fefae40000 - 0x000007fefae55000 	C:\Windows\system32\NLAapi.dll
0x000007fef3130000 - 0x000007fef3145000 	C:\Windows\system32\napinsp.dll
0x000007fef3110000 - 0x000007fef3129000 	C:\Windows\system32\pnrpnsp.dll
0x000007fefc580000 - 0x000007fefc5d5000 	C:\Windows\System32\mswsock.dll
0x000007fefc400000 - 0x000007fefc45b000 	C:\Windows\system32\DNSAPI.dll
0x000007fef30f0000 - 0x000007fef30fb000 	C:\Windows\System32\winrnr.dll
0x000007fef30e0000 - 0x000007fef30f0000 	C:\Windows\system32\wshbth.dll
0x000007fefa710000 - 0x000007fefa737000 	C:\Windows\system32\IPHLPAPI.DLL
0x000007fefa700000 - 0x000007fefa70b000 	C:\Windows\system32\WINNSI.DLL
0x000007fefa5e0000 - 0x000007fefa633000 	C:\Windows\System32\fwpuclnt.dll
0x000007fef6570000 - 0x000007fef6578000 	C:\Windows\system32\rasadhlp.dll
0x000007fefbf20000 - 0x000007fefbf27000 	C:\Windows\System32\wshtcpip.dll
0x000007fef3350000 - 0x000007fef336a000 	C:\Program Files\Java\jdk1.8.0_201\jre\bin\net.dll
0x000007fefe350000 - 0x000007fefe4c8000 	C:\Windows\system32\urlmon.dll
0x000007fefe220000 - 0x000007fefe34a000 	C:\Windows\system32\WININET.dll
0x000007fefe8f0000 - 0x000007fefeb49000 	C:\Windows\system32\iertutil.dll
0x000007fefcf80000 - 0x000007fefd0e7000 	C:\Windows\system32\CRYPT32.dll
0x000007fefcde0000 - 0x000007fefcdef000 	C:\Windows\system32\MSASN1.dll
0x000007fefc570000 - 0x000007fefc577000 	C:\Windows\System32\wship6.dll
0x000007fef3210000 - 0x000007fef3221000 	C:\Program Files\Java\jdk1.8.0_201\jre\bin\nio.dll
0x000007feebc30000 - 0x000007feebd55000 	C:\Windows\system32\dbghelp.dll

VM Arguments:
jvm_args: -agentlib:jdwp=transport=dt_socket,suspend=y,address=localhost:50052 -javaagent:C:\Users\Adi\eclipse\java-2018-12\eclipse\configuration\org.eclipse.osgi\221\0\.cp\lib\javaagent-shaded.jar -Dfile.encoding=UTF-8 
java_command: com.Main2
java_class_path (initial): C:\Users\Adi\eclipse-workspace\Gym4\target\classes;C:\Users\Adi\.p2\pool\plugins\org.junit_4.12.0.v201504281640\junit.jar;C:\Users\Adi\.p2\pool\plugins\org.hamcrest.core_1.3.0.v20180420-1519.jar;C:\Users\Adi\.m2\repository\junit\junit\4.12\junit-4.12.jar;C:\Users\Adi\.m2\repository\org\hamcrest\hamcrest-core\1.3\hamcrest-core-1.3.jar;C:\Users\Adi\eclipse\java-2018-12\eclipse\configuration\org.eclipse.osgi\221\0\.cp\lib\javaagent-shaded.jar
Launcher Type: SUN_STANDARD

Environment Variables:
PATH=C:\Program Files\Java\jdk1.8.0_201\jre\bin;C:/Program Files/Java/jre1.8.0_201/bin/server;C:/Program Files/Java/jre1.8.0_201/bin;C:/Program Files/Java/jre1.8.0_201/lib/amd64;C:\Program Files (x86)\Common Files\Oracle\Java\javapath;C:\Program Files (x86)\NVIDIA Corporation\PhysX\Common;C:\Program Files (x86)\Intel\iCLS Client\;C:\Program Files\Intel\iCLS Client\;C:\Windows\system32;C:\Windows;C:\Windows\System32\Wbem;C:\Windows\System32\WindowsPowerShell\v1.0\;C:\Program Files\Intel\Intel(R) Management Engine Components\DAL;C:\Program Files\Intel\Intel(R) Management Engine Components\IPT;C:\Program Files (x86)\Intel\Intel(R) Management Engine Components\DAL;C:\Program Files (x86)\Intel\Intel(R) Management Engine Components\IPT;C:\Program Files\Intel\WiFi\bin\;C:\Program Files\Common Files\Intel\WirelessCommon\;C:\Program Files (x86)\Microsoft SQL Server\100\Tools\Binn\;C:\Program Files\Microsoft SQL Server\100\Tools\Binn\;C:\Program Files (x86)\Microsoft SQL Server\100\Tools\Binn\VSShell\Common7\IDE\;C:\Program Files (x86)\Microsoft SQL Server\100\DTS\Binn\;C:\Program Files\Git\cmd;C:\Users\Adi\Desktop;
USERNAME=Adi
OS=Windows_NT
PROCESSOR_IDENTIFIER=Intel64 Family 6 Model 69 Stepping 1, GenuineIntel



---------------  S Y S T E M  ---------------

OS: Windows 7 , 64 bit Build 7601 (6.1.7601.17514)

CPU:total 4 (initial active 4) (2 cores per cpu, 2 threads per core) family 6 model 69 stepping 1, cmov, cx8, fxsr, mmx, sse, sse2, sse3, ssse3, sse4.1, sse4.2, popcnt, avx, avx2, aes, clmul, erms, lzcnt, ht, tsc, tscinvbit, bmi1, bmi2

Memory: 4k page, physical 8282480k(4219660k free), swap 16563116k(12141036k free)

vm_info: Java HotSpot(TM) 64-Bit Server VM (25.201-b09) for windows-amd64 JRE (1.8.0_201-b09), built on Dec 15 2018 18:36:39 by "java_re" with MS VC++ 10.0 (VS2010)

time: Mon May 06 13:43:55 2019
timezone: GTB Daylight Time
elapsed time: 122 seconds (0d 0h 2m 2s)

